\BOOKMARK [0][-]{chapter.1}{\376\377\000I\000n\000t\000r\000o\000d\000u\000c\000t\000i\000o\000n}{}% 1
\BOOKMARK [1][-]{section.1.1}{\376\377\000Q\000u\000i\000c\000k\000s\000t\000a\000r\000t\000\040\000a\000n\000d\000\040\000a\000\040\000f\000i\000r\000s\000t\000\040\000Q\000M\000C\000P\000A\000C\000K\000\040\000c\000a\000l\000c\000u\000l\000a\000t\000i\000o\000n}{chapter.1}% 2
\BOOKMARK [1][-]{section.1.2}{\376\377\000A\000u\000t\000h\000o\000r\000s\000\040\000a\000n\000d\000\040\000H\000i\000s\000t\000o\000r\000y}{chapter.1}% 3
\BOOKMARK [1][-]{section.1.3}{\376\377\000S\000u\000p\000p\000o\000r\000t\000\040\000a\000n\000d\000\040\000C\000o\000n\000t\000a\000c\000t\000i\000n\000g\000\040\000t\000h\000e\000\040\000D\000e\000v\000e\000l\000o\000p\000e\000r\000s}{chapter.1}% 4
\BOOKMARK [1][-]{section.1.4}{\376\377\000P\000e\000r\000f\000o\000r\000m\000a\000n\000c\000e}{chapter.1}% 5
\BOOKMARK [1][-]{section.1.5}{\376\377\000O\000p\000e\000n\000\040\000S\000o\000u\000r\000c\000e\000\040\000L\000i\000c\000e\000n\000s\000e}{chapter.1}% 6
\BOOKMARK [1][-]{section.1.6}{\376\377\000C\000o\000n\000t\000r\000i\000b\000u\000t\000i\000n\000g\000\040\000t\000o\000\040\000Q\000M\000C\000P\000A\000C\000K}{chapter.1}% 7
\BOOKMARK [1][-]{section.1.7}{\376\377\000Q\000M\000C\000P\000A\000C\000K\000\040\000R\000o\000a\000d\000m\000a\000p}{chapter.1}% 8
\BOOKMARK [0][-]{chapter.2}{\376\377\000F\000e\000a\000t\000u\000r\000e\000s\000\040\000o\000f\000\040\000Q\000M\000C\000P\000A\000C\000K}{}% 9
\BOOKMARK [1][-]{section.2.1}{\376\377\000P\000r\000o\000d\000u\000c\000t\000i\000o\000n\000-\000l\000e\000v\000e\000l\000\040\000f\000e\000a\000t\000u\000r\000e\000s}{chapter.2}% 10
\BOOKMARK [1][-]{section.2.2}{\376\377\000S\000o\000A\000\040\000o\000p\000t\000i\000m\000i\000z\000a\000t\000i\000o\000n\000s\000\040\000a\000n\000d\000\040\000i\000m\000p\000r\000o\000v\000e\000d\000\040\000a\000l\000g\000o\000r\000i\000t\000h\000m\000s}{chapter.2}% 11
\BOOKMARK [1][-]{section.2.3}{\376\377\000S\000u\000p\000p\000o\000r\000t\000e\000d\000\040\000G\000P\000U\000\040\000f\000e\000a\000t\000u\000r\000e\000s}{chapter.2}% 12
\BOOKMARK [1][-]{section.2.4}{\376\377\000B\000e\000t\000a\000\040\000t\000e\000s\000t\000\040\000f\000e\000a\000t\000u\000r\000e\000s}{chapter.2}% 13
\BOOKMARK [0][-]{chapter.3}{\376\377\000O\000b\000t\000a\000i\000n\000i\000n\000g\000,\000\040\000i\000n\000s\000t\000a\000l\000l\000i\000n\000g\000,\000\040\000a\000n\000d\000\040\000v\000a\000l\000i\000d\000a\000t\000i\000n\000g\000\040\000Q\000M\000C\000P\000A\000C\000K}{}% 14
\BOOKMARK [1][-]{section.3.1}{\376\377\000I\000n\000s\000t\000a\000l\000l\000a\000t\000i\000o\000n\000\040\000s\000t\000e\000p\000s}{chapter.3}% 15
\BOOKMARK [1][-]{section.3.2}{\376\377\000O\000b\000t\000a\000i\000n\000i\000n\000g\000\040\000t\000h\000e\000\040\000l\000a\000t\000e\000s\000t\000\040\000r\000e\000l\000e\000a\000s\000e\000\040\000v\000e\000r\000s\000i\000o\000n}{chapter.3}% 16
\BOOKMARK [1][-]{section.3.3}{\376\377\000O\000b\000t\000a\000i\000n\000i\000n\000g\000\040\000t\000h\000e\000\040\000l\000a\000t\000e\000s\000t\000\040\000d\000e\000v\000e\000l\000o\000p\000m\000e\000n\000t\000\040\000v\000e\000r\000s\000i\000o\000n}{chapter.3}% 17
\BOOKMARK [1][-]{section.3.4}{\376\377\000P\000r\000e\000r\000e\000q\000u\000i\000s\000i\000t\000e\000s}{chapter.3}% 18
\BOOKMARK [1][-]{section.3.5}{\376\377\000C\000+\000+\000\040\0001\0004\000\040\000s\000t\000a\000n\000d\000a\000r\000d\000\040\000l\000i\000b\000r\000a\000r\000y}{chapter.3}% 19
\BOOKMARK [1][-]{section.3.6}{\376\377\000B\000u\000i\000l\000d\000i\000n\000g\000\040\000w\000i\000t\000h\000\040\000C\000M\000a\000k\000e}{chapter.3}% 20
\BOOKMARK [1][-]{section.3.7}{\376\377\000I\000n\000s\000t\000a\000l\000l\000a\000t\000i\000o\000n\000\040\000i\000n\000s\000t\000r\000u\000c\000t\000i\000o\000n\000s\000\040\000f\000o\000r\000\040\000c\000o\000m\000m\000o\000n\000\040\000w\000o\000r\000k\000s\000t\000a\000t\000i\000o\000n\000s\000\040\000a\000n\000d\000\040\000s\000u\000p\000e\000r\000c\000o\000m\000p\000u\000t\000e\000r\000s}{chapter.3}% 21
\BOOKMARK [1][-]{section.3.8}{\376\377\000I\000n\000s\000t\000a\000l\000l\000i\000n\000g\000\040\000v\000i\000a\000\040\000S\000p\000a\000c\000k}{chapter.3}% 22
\BOOKMARK [1][-]{section.3.9}{\376\377\000T\000e\000s\000t\000i\000n\000g\000\040\000a\000n\000d\000\040\000v\000a\000l\000i\000d\000a\000t\000i\000o\000n\000\040\000o\000f\000\040\000Q\000M\000C\000P\000A\000C\000K}{chapter.3}% 23
\BOOKMARK [1][-]{section.3.10}{\376\377\000A\000u\000t\000o\000m\000a\000t\000e\000d\000\040\000t\000e\000s\000t\000i\000n\000g\000\040\000o\000f\000\040\000Q\000M\000C\000P\000A\000C\000K}{chapter.3}% 24
\BOOKMARK [1][-]{section.3.11}{\376\377\000B\000u\000i\000l\000d\000i\000n\000g\000\040\000p\000p\000c\000o\000n\000v\000e\000r\000t\000,\000\040\000a\000\040\000p\000s\000e\000u\000d\000o\000p\000o\000t\000e\000n\000t\000i\000a\000l\000\040\000f\000o\000r\000m\000a\000t\000\040\000c\000o\000n\000v\000e\000r\000t\000e\000r}{chapter.3}% 25
\BOOKMARK [1][-]{section.3.12}{\376\377\000I\000n\000s\000t\000a\000l\000l\000i\000n\000g\000\040\000a\000n\000d\000\040\000p\000a\000t\000c\000h\000i\000n\000g\000\040\000Q\000u\000a\000n\000t\000u\000m\000\040\000E\000S\000P\000R\000E\000S\000S\000O}{chapter.3}% 26
\BOOKMARK [1][-]{section.3.13}{\376\377\000H\000o\000w\000\040\000t\000o\000\040\000b\000u\000i\000l\000d\000\040\000t\000h\000e\000\040\000f\000a\000s\000t\000e\000s\000t\000\040\000e\000x\000e\000c\000u\000t\000a\000b\000l\000e\000\040\000v\000e\000r\000s\000i\000o\000n\000\040\000o\000f\000\040\000Q\000M\000C\000P\000A\000C\000K}{chapter.3}% 27
\BOOKMARK [1][-]{section.3.14}{\376\377\000T\000r\000o\000u\000b\000l\000e\000s\000h\000o\000o\000t\000i\000n\000g\000\040\000t\000h\000e\000\040\000i\000n\000s\000t\000a\000l\000l\000a\000t\000i\000o\000n}{chapter.3}% 28
\BOOKMARK [0][-]{chapter.4}{\376\377\000R\000u\000n\000n\000i\000n\000g\000\040\000Q\000M\000C\000P\000A\000C\000K}{}% 29
\BOOKMARK [1][-]{section.4.1}{\376\377\000C\000o\000m\000m\000a\000n\000d\000\040\000l\000i\000n\000e\000\040\000o\000p\000t\000i\000o\000n\000s}{chapter.4}% 30
\BOOKMARK [1][-]{section.4.2}{\376\377\000I\000n\000p\000u\000t\000\040\000f\000i\000l\000e\000s}{chapter.4}% 31
\BOOKMARK [1][-]{section.4.3}{\376\377\000O\000u\000t\000p\000u\000t\000\040\000f\000i\000l\000e\000s}{chapter.4}% 32
\BOOKMARK [1][-]{section.4.4}{\376\377\000R\000u\000n\000n\000i\000n\000g\000\040\000i\000n\000\040\000p\000a\000r\000a\000l\000l\000e\000l\000\040\000w\000i\000t\000h\000\040\000M\000P\000I}{chapter.4}% 33
\BOOKMARK [1][-]{section.4.5}{\376\377\000U\000s\000i\000n\000g\000\040\000O\000p\000e\000n\000M\000P\000\040\000t\000h\000r\000e\000a\000d\000s}{chapter.4}% 34
\BOOKMARK [1][-]{section.4.6}{\376\377\000R\000u\000n\000n\000i\000n\000g\000\040\000o\000n\000\040\000G\000P\000U\000\040\000m\000a\000c\000h\000i\000n\000e\000s}{chapter.4}% 35
\BOOKMARK [0][-]{chapter.5}{\376\377\000U\000n\000i\000t\000s\000\040\000u\000s\000e\000d\000\040\000i\000n\000\040\000Q\000M\000C\000P\000A\000C\000K}{}% 36
\BOOKMARK [0][-]{chapter.6}{\376\377\000I\000n\000p\000u\000t\000\040\000f\000i\000l\000e\000\040\000o\000v\000e\000r\000v\000i\000e\000w}{}% 37
\BOOKMARK [1][-]{section.6.1}{\376\377\000P\000r\000o\000j\000e\000c\000t}{chapter.6}% 38
\BOOKMARK [1][-]{section.6.2}{\376\377\000R\000a\000n\000d\000o\000m\000\040\000n\000u\000m\000b\000e\000r\000\040\000i\000n\000i\000t\000i\000a\000l\000i\000z\000a\000t\000i\000o\000n}{chapter.6}% 39
\BOOKMARK [0][-]{chapter.7}{\376\377\000S\000p\000e\000c\000i\000f\000y\000i\000n\000g\000\040\000t\000h\000e\000\040\000s\000y\000s\000t\000e\000m\000\040\000t\000o\000\040\000b\000e\000\040\000s\000i\000m\000u\000l\000a\000t\000e\000d}{}% 40
\BOOKMARK [1][-]{section.7.1}{\376\377\000S\000p\000e\000c\000i\000f\000y\000i\000n\000g\000\040\000t\000h\000e\000\040\000S\000i\000m\000u\000l\000a\000t\000i\000o\000n\000\040\000C\000e\000l\000l}{chapter.7}% 41
\BOOKMARK [1][-]{section.7.2}{\376\377\000S\000p\000e\000c\000i\000f\000y\000i\000n\000g\000\040\000t\000h\000e\000\040\000p\000a\000r\000t\000i\000c\000l\000e\000\040\000s\000e\000t}{chapter.7}% 42
\BOOKMARK [0][-]{chapter.8}{\376\377\000T\000r\000i\000a\000l\000\040\000w\000a\000v\000e\000f\000u\000n\000c\000t\000i\000o\000n\000\040\000s\000p\000e\000c\000i\000f\000i\000c\000a\000i\000o\000n}{}% 43
\BOOKMARK [1][-]{section.8.1}{\376\377\000I\000n\000t\000r\000o\000d\000u\000c\000t\000i\000o\000n}{chapter.8}% 44
\BOOKMARK [1][-]{section.8.2}{\376\377\000S\000i\000n\000g\000l\000e\000\040\000d\000e\000t\000e\000r\000m\000i\000n\000a\000n\000t\000\040\000w\000a\000v\000e\000f\000u\000n\000c\000t\000o\000n\000s}{chapter.8}% 45
\BOOKMARK [1][-]{section.8.3}{\376\377\000S\000i\000n\000g\000l\000e\000-\000p\000a\000r\000t\000i\000c\000l\000e\000\040\000o\000r\000b\000i\000t\000a\000l\000s}{chapter.8}% 46
\BOOKMARK [1][-]{section.8.4}{\376\377\000J\000a\000s\000t\000r\000o\000w\000\040\000F\000a\000c\000t\000o\000r\000s}{chapter.8}% 47
\BOOKMARK [1][-]{section.8.5}{\376\377\000M\000u\000l\000t\000i\000d\000e\000t\000e\000r\000m\000i\000n\000a\000n\000t\000\040\000w\000a\000v\000e\000f\000u\000n\000c\000t\000i\000o\000n\000s}{chapter.8}% 48
\BOOKMARK [1][-]{section.8.6}{\376\377\000B\000a\000c\000k\000f\000l\000o\000w\000\040\000W\000a\000v\000e\000f\000u\000n\000c\000t\000i\000o\000n\000s}{chapter.8}% 49
\BOOKMARK [1][-]{section.8.7}{\376\377\000F\000i\000n\000i\000t\000e\000-\000d\000i\000f\000f\000e\000r\000e\000n\000c\000e\000\040\000l\000i\000n\000e\000a\000r\000\040\000r\000e\000s\000p\000o\000n\000s\000e\000\040\000w\000a\000v\000e\000\040\000f\000u\000n\000c\000t\000i\000o\000n\000s}{chapter.8}% 50
\BOOKMARK [1][-]{section.8.8}{\376\377\000G\000a\000u\000s\000s\000i\000a\000n\000\040\000P\000r\000o\000d\000u\000c\000t\000\040\000W\000a\000v\000e\000f\000u\000n\000c\000t\000i\000o\000n}{chapter.8}% 51
\BOOKMARK [0][-]{chapter.9}{\376\377\000H\000a\000m\000i\000l\000t\000o\000n\000i\000a\000n\000\040\000a\000n\000d\000\040\000O\000b\000s\000e\000r\000v\000a\000b\000l\000e\000s}{}% 52
\BOOKMARK [1][-]{section.9.1}{\376\377\000T\000h\000e\000\040\000H\000a\000m\000i\000l\000t\000o\000n\000i\000a\000n}{chapter.9}% 53
\BOOKMARK [1][-]{section.9.2}{\376\377\000P\000a\000i\000r\000\040\000p\000o\000t\000e\000n\000t\000i\000a\000l\000s}{chapter.9}% 54
\BOOKMARK [1][-]{section.9.3}{\376\377\000G\000e\000n\000e\000r\000a\000l\000\040\000e\000s\000t\000i\000m\000a\000t\000o\000r\000s}{chapter.9}% 55
\BOOKMARK [1][-]{section.9.4}{\376\377\000F\000o\000r\000w\000a\000r\000d\000-\000W\000a\000l\000k\000i\000n\000g\000\040\000E\000s\000t\000i\000m\000a\000t\000o\000r\000s}{chapter.9}% 56
\BOOKMARK [1][-]{section.9.5}{\376\377\040\034\000F\000o\000r\000c\000e\040\035\000\040\000e\000s\000t\000i\000m\000a\000t\000o\000r\000s}{chapter.9}% 57
\BOOKMARK [0][-]{chapter.10}{\376\377\000Q\000u\000a\000n\000t\000u\000m\000\040\000M\000o\000n\000t\000e\000\040\000C\000a\000r\000l\000o\000\040\000M\000e\000t\000h\000o\000d\000s}{}% 58
\BOOKMARK [1][-]{section.10.1}{\376\377\000V\000a\000r\000i\000a\000t\000i\000o\000n\000a\000l\000\040\000M\000o\000n\000t\000e\000\040\000C\000a\000r\000l\000o}{chapter.10}% 59
\BOOKMARK [1][-]{section.10.2}{\376\377\000W\000a\000v\000e\000f\000u\000n\000c\000t\000i\000o\000n\000\040\000o\000p\000t\000i\000m\000i\000z\000a\000t\000i\000o\000n}{chapter.10}% 60
\BOOKMARK [1][-]{section.10.3}{\376\377\000D\000i\000f\000f\000u\000s\000i\000o\000n\000\040\000M\000o\000n\000t\000e\000\040\000C\000a\000r\000l\000o}{chapter.10}% 61
\BOOKMARK [1][-]{section.10.4}{\376\377\000R\000e\000p\000t\000a\000t\000i\000o\000n\000\040\000M\000o\000n\000t\000e\000\040\000C\000a\000r\000l\000o}{chapter.10}% 62
\BOOKMARK [0][-]{chapter.11}{\376\377\000O\000u\000t\000p\000u\000t\000\040\000O\000v\000e\000r\000v\000i\000e\000w}{}% 63
\BOOKMARK [1][-]{section.11.1}{\376\377\000T\000h\000e\000\040\000.\000s\000c\000a\000l\000a\000r\000.\000d\000a\000t\000\040\000f\000i\000l\000e}{chapter.11}% 64
\BOOKMARK [1][-]{section.11.2}{\376\377\000T\000h\000e\000\040\000.\000o\000p\000t\000.\000x\000m\000l\000\040\000f\000i\000l\000e}{chapter.11}% 65
\BOOKMARK [1][-]{section.11.3}{\376\377\000T\000h\000e\000\040\000.\000q\000m\000c\000.\000x\000m\000l\000\040\000f\000i\000l\000e}{chapter.11}% 66
\BOOKMARK [1][-]{section.11.4}{\376\377\000T\000h\000e\000\040\000.\000d\000m\000c\000.\000d\000a\000t\000\040\000f\000i\000l\000e}{chapter.11}% 67
\BOOKMARK [1][-]{section.11.5}{\376\377\000T\000h\000e\000\040\000.\000b\000a\000n\000d\000i\000n\000f\000o\000.\000d\000a\000t\000\040\000f\000i\000l\000e}{chapter.11}% 68
\BOOKMARK [1][-]{section.11.6}{\376\377\000C\000h\000e\000c\000k\000p\000o\000i\000n\000t\000\040\000a\000n\000d\000\040\000r\000e\000s\000t\000a\000r\000t\000\040\000f\000i\000l\000e\000s}{chapter.11}% 69
\BOOKMARK [0][-]{chapter.12}{\376\377\000A\000n\000a\000l\000y\000z\000i\000n\000g\000\040\000Q\000M\000C\000P\000A\000C\000K\000\040\000d\000a\000t\000a}{}% 70
\BOOKMARK [1][-]{section.12.1}{\376\377\000U\000s\000i\000n\000g\000\040\000t\000h\000e\000\040\000q\000m\000c\000a\000\040\000t\000o\000o\000l\000\040\000t\000o\000\040\000o\000b\000t\000a\000i\000n\000\040\000t\000o\000t\000a\000l\000\040\000e\000n\000e\000r\000g\000i\000e\000s\000\040\000a\000n\000d\000\040\000r\000e\000l\000a\000t\000e\000d\000\040\000q\000u\000a\000n\000t\000i\000t\000i\000e\000s}{chapter.12}% 71
\BOOKMARK [1][-]{section.12.2}{\376\377\000U\000s\000i\000n\000g\000\040\000t\000h\000e\000\040\000q\000m\000c\000-\000f\000i\000t\000\040\000t\000o\000o\000l\000\040\000f\000o\000r\000\040\000s\000t\000a\000t\000i\000s\000t\000i\000c\000a\000l\000\040\000t\000i\000m\000e\000\040\000s\000t\000e\000p\000\040\000e\000x\000t\000r\000a\000p\000o\000l\000a\000t\000i\000o\000n\000\040\000a\000n\000d\000\040\000c\000u\000r\000v\000e\000\040\000f\000i\000t\000t\000i\000n\000g}{chapter.12}% 72
\BOOKMARK [1][-]{section.12.3}{\376\377\000U\000s\000i\000n\000g\000\040\000t\000h\000e\000\040\000q\000d\000e\000n\000s\000\040\000t\000o\000o\000l\000\040\000t\000o\000\040\000o\000b\000t\000a\000i\000n\000\040\000e\000l\000e\000c\000t\000r\000o\000n\000\040\000d\000e\000n\000s\000i\000t\000i\000e\000s}{chapter.12}% 73
\BOOKMARK [0][-]{chapter.13}{\376\377\000P\000e\000r\000i\000o\000d\000i\000c\000\040\000L\000C\000A\000O\000\040\000f\000o\000r\000\040\000S\000o\000l\000i\000d\000s}{}% 74
\BOOKMARK [1][-]{section.13.1}{\376\377\000I\000n\000t\000r\000o\000d\000u\000c\000t\000i\000o\000n}{chapter.13}% 75
\BOOKMARK [1][-]{section.13.2}{\376\377\000G\000e\000n\000e\000r\000a\000t\000i\000n\000g\000\040\000a\000n\000d\000\040\000u\000s\000i\000n\000g\000\040\000p\000e\000r\000i\000o\000d\000i\000c\000\040\000G\000a\000u\000s\000s\000i\000a\000n\000-\000t\000y\000p\000e\000\040\000w\000a\000v\000e\000f\000u\000n\000c\000t\000i\000o\000n\000s\000\040\000u\000s\000i\000n\000g\000\040\000P\000y\000S\000C\000F}{chapter.13}% 76
\BOOKMARK [0][-]{chapter.14}{\376\377\000S\000e\000l\000e\000c\000t\000e\000d\000\040\000C\000o\000n\000f\000i\000g\000u\000r\000a\000t\000i\000o\000n\000\040\000I\000n\000t\000e\000r\000a\000c\000t\000i\000o\000n}{}% 77
\BOOKMARK [1][-]{section.14.1}{\376\377\000T\000h\000e\000o\000r\000e\000t\000i\000c\000a\000l\000\040\000b\000a\000c\000k\000g\000r\000o\000u\000n\000d}{chapter.14}% 78
\BOOKMARK [0][-]{chapter.15}{\376\377\000A\000u\000x\000i\000l\000i\000a\000r\000y\000-\000F\000i\000e\000l\000d\000\040\000Q\000u\000a\000n\000t\000u\000m\000\040\000M\000o\000n\000t\000e\000\040\000C\000a\000r\000l\000o}{}% 79
\BOOKMARK [1][-]{section.15.1}{\376\377\000T\000h\000e\000o\000r\000e\000t\000i\000c\000a\000l\000\040\000B\000a\000c\000k\000g\000r\000o\000u\000n\000d}{chapter.15}% 80
\BOOKMARK [1][-]{section.15.2}{\376\377\000I\000n\000p\000u\000t}{chapter.15}% 81
\BOOKMARK [1][-]{section.15.3}{\376\377\000F\000i\000l\000e\000\040\000f\000o\000r\000m\000a\000t\000s}{chapter.15}% 82
\BOOKMARK [1][-]{section.15.4}{\376\377\000A\000d\000v\000i\000c\000e\000/\000U\000s\000e\000f\000u\000l\000\040\000I\000n\000f\000o\000r\000m\000a\000t\000i\000o\000n}{chapter.15}% 83
\BOOKMARK [1][-]{section.15.5}{\376\377\000U\000s\000i\000n\000g\000\040\000P\000y\000S\000C\000F\000\040\000t\000o\000\040\000g\000e\000n\000e\000r\000a\000t\000e\000\040\000i\000n\000t\000e\000g\000r\000a\000l\000s\000\040\000f\000o\000r\000\040\000A\000F\000Q\000M\000C}{chapter.15}% 84
\BOOKMARK [0][-]{chapter.16}{\376\377\000E\000x\000a\000m\000p\000l\000e\000s}{}% 85
\BOOKMARK [1][-]{section.16.1}{\376\377\000U\000s\000i\000n\000g\000\040\000Q\000M\000C\000P\000A\000C\000K\000\040\000d\000i\000r\000e\000c\000t\000l\000y}{chapter.16}% 86
\BOOKMARK [1][-]{section.16.2}{\376\377\000U\000s\000i\000n\000g\000\040\000N\000e\000x\000u\000s}{chapter.16}% 87
\BOOKMARK [0][-]{chapter.17}{\376\377\000L\000a\000b\000\040\0001\000:\000\040\000M\000C\000\040\000S\000t\000a\000t\000i\000s\000t\000i\000c\000a\000l\000\040\000A\000n\000a\000l\000y\000s\000i\000s}{}% 88
\BOOKMARK [1][-]{section.17.1}{\376\377\000T\000o\000p\000i\000c\000s\000\040\000c\000o\000v\000e\000r\000e\000d\000\040\000i\000n\000\040\000t\000h\000i\000s\000\040\000l\000a\000b}{chapter.17}% 89
\BOOKMARK [1][-]{section.17.2}{\376\377\000L\000a\000b\000\040\000d\000i\000r\000e\000c\000t\000o\000r\000i\000e\000s\000\040\000a\000n\000d\000\040\000f\000i\000l\000e\000s}{chapter.17}% 90
\BOOKMARK [1][-]{section.17.3}{\376\377\000A\000t\000o\000m\000i\000c\000\040\000u\000n\000i\000t\000s}{chapter.17}% 91
\BOOKMARK [1][-]{section.17.4}{\376\377\000R\000e\000v\000i\000e\000w\000i\000n\000g\000\040\000s\000t\000a\000t\000i\000s\000t\000i\000c\000s}{chapter.17}% 92
\BOOKMARK [1][-]{section.17.5}{\376\377\000I\000n\000s\000p\000e\000c\000t\000i\000n\000g\000\040\000M\000C\000\040\000D\000a\000t\000a}{chapter.17}% 93
\BOOKMARK [1][-]{section.17.6}{\376\377\000A\000v\000e\000r\000a\000g\000i\000n\000g\000\040\000q\000u\000a\000n\000t\000i\000t\000i\000e\000s\000\040\000i\000n\000\040\000t\000h\000e\000\040\000M\000C\000\040\000d\000a\000t\000a}{chapter.17}% 94
\BOOKMARK [1][-]{section.17.7}{\376\377\000E\000v\000a\000l\000u\000a\000t\000i\000n\000g\000\040\000M\000C\000\040\000s\000i\000m\000u\000l\000a\000t\000i\000o\000n\000\040\000q\000u\000a\000l\000i\000t\000y}{chapter.17}% 95
\BOOKMARK [1][-]{section.17.8}{\376\377\000R\000e\000d\000u\000c\000i\000n\000g\000\040\000s\000t\000a\000t\000i\000s\000t\000i\000c\000a\000l\000\040\000e\000r\000r\000o\000r\000\040\000b\000a\000r\000s}{chapter.17}% 96
\BOOKMARK [1][-]{section.17.9}{\376\377\000S\000c\000a\000l\000i\000n\000g\000\040\000t\000o\000\040\000l\000a\000r\000g\000e\000r\000\040\000n\000u\000m\000b\000e\000r\000s\000\040\000o\000f\000\040\000e\000l\000e\000c\000t\000r\000o\000n\000s}{chapter.17}% 97
\BOOKMARK [0][-]{chapter.18}{\376\377\000L\000a\000b\000\040\0002\000:\000\040\000Q\000M\000C\000\040\000B\000a\000s\000i\000c\000s}{}% 98
\BOOKMARK [1][-]{section.18.1}{\376\377\000T\000o\000p\000i\000c\000s\000\040\000c\000o\000v\000e\000r\000e\000d\000\040\000i\000n\000\040\000t\000h\000i\000s\000\040\000l\000a\000b}{chapter.18}% 99
\BOOKMARK [1][-]{section.18.2}{\376\377\000L\000a\000b\000\040\000o\000u\000t\000l\000i\000n\000e}{chapter.18}% 100
\BOOKMARK [1][-]{section.18.3}{\376\377\000L\000a\000b\000\040\000d\000i\000r\000e\000c\000t\000o\000r\000i\000e\000s\000\040\000a\000n\000d\000\040\000f\000i\000l\000e\000s}{chapter.18}% 101
\BOOKMARK [1][-]{section.18.4}{\376\377\000O\000b\000t\000a\000i\000n\000i\000n\000g\000\040\000a\000n\000d\000\040\000c\000o\000n\000v\000e\000r\000t\000i\000n\000g\000\040\000a\000\040\000p\000s\000e\000u\000d\000o\000p\000o\000t\000e\000n\000t\000i\000a\000l\000\040\000f\000o\000r\000\040\000o\000x\000y\000g\000e\000n}{chapter.18}% 102
\BOOKMARK [1][-]{section.18.5}{\376\377\000D\000F\000T\000\040\000w\000i\000t\000h\000\040\000Q\000E\000\040\000t\000o\000\040\000o\000b\000t\000a\000i\000n\000\040\000t\000h\000e\000\040\000o\000r\000b\000i\000t\000a\000l\000\040\000p\000a\000r\000t\000\040\000o\000f\000\040\000t\000h\000e\000\040\000w\000a\000v\000e\000f\000u\000n\000c\000t\000i\000o\000n}{chapter.18}% 103
\BOOKMARK [1][-]{section.18.6}{\376\377\000O\000p\000t\000i\000m\000i\000z\000a\000t\000i\000o\000n\000\040\000w\000i\000t\000h\000\040\000Q\000M\000C\000P\000A\000C\000K\000\040\000t\000o\000\040\000o\000b\000t\000a\000i\000n\000\040\000t\000h\000e\000\040\000c\000o\000r\000r\000e\000l\000a\000t\000e\000d\000\040\000p\000a\000r\000t\000\040\000o\000f\000\040\000t\000h\000e\000\040\000w\000a\000v\000e\000f\000u\000n\000c\000t\000i\000o\000n}{chapter.18}% 104
\BOOKMARK [1][-]{section.18.7}{\376\377\000D\000M\000C\000\040\000t\000i\000m\000e\000s\000t\000e\000p\000\040\000e\000x\000t\000r\000a\000p\000o\000l\000a\000t\000i\000o\000n\000\040\000I\000:\000\040\000n\000e\000u\000t\000r\000a\000l\000\040\000o\000x\000y\000g\000e\000n\000\040\000a\000t\000o\000m}{chapter.18}% 105
\BOOKMARK [1][-]{section.18.8}{\376\377\000D\000M\000C\000\040\000t\000i\000m\000e\000\040\000s\000t\000e\000p\000\040\000e\000x\000t\000r\000a\000p\000o\000l\000a\000t\000i\000o\000n\000\040\000I\000I\000:\000\040\000o\000x\000y\000g\000e\000n\000\040\000a\000t\000o\000m\000\040\000i\000o\000n\000i\000z\000a\000t\000i\000o\000n\000\040\000p\000o\000t\000e\000n\000t\000i\000a\000l}{chapter.18}% 106
\BOOKMARK [1][-]{section.18.9}{\376\377\000D\000M\000C\000\040\000w\000o\000r\000k\000f\000l\000o\000w\000\040\000a\000u\000t\000o\000m\000a\000t\000i\000o\000n\000\040\000w\000i\000t\000h\000\040\000N\000e\000x\000u\000s}{chapter.18}% 107
\BOOKMARK [1][-]{section.18.10}{\376\377\000A\000u\000t\000o\000m\000a\000t\000e\000d\000\040\000b\000i\000n\000d\000i\000n\000g\000\040\000c\000u\000r\000v\000e\000\040\000o\000f\000\040\000t\000h\000e\000\040\000o\000x\000y\000g\000e\000n\000\040\000d\000i\000m\000e\000r}{chapter.18}% 108
\BOOKMARK [1][-]{section.18.11}{\376\377\000\050\000O\000p\000t\000i\000o\000n\000a\000l\000\051\000\040\000R\000u\000n\000n\000i\000n\000g\000\040\000y\000o\000u\000r\000\040\000s\000y\000s\000t\000e\000m\000\040\000w\000i\000t\000h\000\040\000Q\000M\000C\000P\000A\000C\000K}{chapter.18}% 109
\BOOKMARK [1][-]{section.18.12}{\376\377\000A\000p\000p\000e\000n\000d\000i\000x\000\040\000A\000:\000\040\000B\000a\000s\000i\000c\000\040\000P\000y\000t\000h\000o\000n\000\040\000c\000o\000n\000s\000t\000r\000u\000c\000t\000s}{chapter.18}% 110
\BOOKMARK [0][-]{chapter.19}{\376\377\000L\000a\000b\000\040\0003\000:\000\040\000A\000d\000v\000a\000n\000c\000e\000d\000\040\000m\000o\000l\000e\000c\000u\000l\000a\000r\000\040\000c\000a\000l\000c\000u\000l\000a\000t\000i\000o\000n\000s}{}% 111
\BOOKMARK [1][-]{section.19.1}{\376\377\000T\000o\000p\000i\000c\000s\000\040\000c\000o\000v\000e\000r\000e\000d\000\040\000i\000n\000\040\000t\000h\000i\000s\000\040\000l\000a\000b}{chapter.19}% 112
\BOOKMARK [1][-]{section.19.2}{\376\377\000L\000a\000b\000\040\000d\000i\000r\000e\000c\000t\000o\000r\000i\000e\000s\000\040\000a\000n\000d\000\040\000f\000i\000l\000e\000s}{chapter.19}% 113
\BOOKMARK [1][-]{section.19.3}{\376\377\000E\000x\000e\000r\000c\000i\000s\000e\000\040\000\043\0001\000:\000\040\000B\000a\000s\000i\000c\000s}{chapter.19}% 114
\BOOKMARK [1][-]{section.19.4}{\376\377\000G\000e\000n\000e\000r\000a\000t\000i\000o\000n\000\040\000o\000f\000\040\000a\000\040\000H\000a\000r\000t\000r\000e\000e\000-\000F\000o\000c\000k\000\040\000w\000a\000v\000e\000f\000u\000n\000c\000t\000i\000o\000n\000\040\000w\000i\000t\000h\000\040\000G\000A\000M\000E\000S\000S}{chapter.19}% 115
\BOOKMARK [1][-]{section.19.5}{\376\377\000E\000x\000e\000r\000c\000i\000s\000e\000\040\000\043\0002\000:\000\040\000S\000l\000a\000t\000e\000r\000-\000J\000a\000s\000t\000r\000o\000w\000\040\000w\000a\000v\000e\000f\000u\000n\000c\000t\000i\000o\000n\000\040\000o\000p\000t\000i\000o\000n\000s}{chapter.19}% 116
\BOOKMARK [1][-]{section.19.6}{\376\377\000E\000x\000e\000r\000c\000i\000s\000e\000\040\000\043\0003\000:\000\040\000M\000u\000l\000t\000i\000d\000e\000t\000e\000r\000m\000i\000n\000a\000n\000t\000\040\000w\000a\000v\000e\000f\000u\000n\000c\000t\000i\000o\000n\000s}{chapter.19}% 117
\BOOKMARK [1][-]{section.19.7}{\376\377\000A\000p\000p\000e\000n\000d\000i\000x\000\040\000A\000:\000\040\000G\000A\000M\000E\000S\000S\000\040\000i\000n\000p\000u\000t}{chapter.19}% 118
\BOOKMARK [1][-]{section.19.8}{\376\377\000A\000p\000p\000e\000n\000d\000i\000x\000\040\000B\000:\000\040\000c\000o\000n\000v\000e\000r\000t\0004\000q\000m\000c}{chapter.19}% 119
\BOOKMARK [1][-]{section.19.9}{\376\377\000A\000p\000p\000e\000n\000d\000i\000x\000\040\000C\000:\000\040\000W\000a\000v\000e\000f\000u\000n\000c\000t\000i\000o\000n\000\040\000o\000p\000t\000i\000m\000i\000z\000a\000t\000i\000o\000n\000\040\000X\000M\000L\000\040\000b\000l\000o\000c\000k}{chapter.19}% 120
\BOOKMARK [1][-]{section.19.10}{\376\377\000A\000p\000p\000e\000n\000d\000i\000x\000\040\000D\000:\000\040\000V\000M\000C\000\040\000a\000n\000d\000\040\000D\000M\000C\000\040\000X\000M\000L\000\040\000b\000l\000o\000c\000k}{chapter.19}% 121
\BOOKMARK [1][-]{section.19.11}{\376\377\000A\000p\000p\000e\000n\000d\000i\000x\000\040\000E\000:\000\040\000W\000a\000v\000e\000f\000u\000n\000c\000t\000i\000o\000n\000\040\000X\000M\000L\000\040\000b\000l\000o\000c\000k}{chapter.19}% 122
\BOOKMARK [0][-]{chapter.20}{\376\377\000L\000a\000b\000\040\0004\000:\000\040\000C\000o\000n\000d\000e\000n\000s\000e\000d\000\040\000M\000a\000t\000t\000e\000r\000\040\000C\000a\000l\000c\000u\000l\000a\000t\000i\000o\000n\000s}{}% 123
\BOOKMARK [1][-]{section.20.1}{\376\377\000T\000o\000p\000i\000c\000s\000\040\000c\000o\000v\000e\000r\000e\000d\000\040\000i\000n\000\040\000t\000h\000i\000s\000\040\000l\000a\000b}{chapter.20}% 124
\BOOKMARK [1][-]{section.20.2}{\376\377\000L\000a\000b\000\040\000d\000i\000r\000e\000c\000t\000o\000r\000i\000e\000s\000\040\000a\000n\000d\000\040\000f\000i\000l\000e\000s}{chapter.20}% 125
\BOOKMARK [1][-]{section.20.3}{\376\377\000P\000r\000e\000l\000i\000m\000i\000n\000a\000r\000i\000e\000s}{chapter.20}% 126
\BOOKMARK [1][-]{section.20.4}{\376\377\000T\000o\000t\000a\000l\000\040\000e\000n\000e\000r\000g\000y\000\040\000o\000f\000\040\000B\000C\000C\000\040\000b\000e\000r\000y\000l\000l\000i\000u\000m}{chapter.20}% 127
\BOOKMARK [1][-]{section.20.5}{\376\377\000H\000a\000n\000d\000l\000i\000n\000g\000\040\000a\000\040\0002\000D\000\040\000s\000y\000s\000t\000e\000m\000:\000\040\000g\000r\000a\000p\000h\000e\000n\000e}{chapter.20}% 128
\BOOKMARK [1][-]{section.20.6}{\376\377\000C\000o\000n\000c\000l\000u\000s\000i\000o\000n}{chapter.20}% 129
\BOOKMARK [0][-]{chapter.21}{\376\377\000L\000a\000b\000\040\0005\000:\000\040\000E\000x\000c\000i\000t\000e\000d\000\040\000s\000t\000a\000t\000e\000\040\000c\000a\000l\000c\000u\000l\000a\000t\000i\000o\000n\000s}{}% 130
\BOOKMARK [1][-]{section.21.1}{\376\377\000T\000o\000p\000i\000c\000s\000\040\000c\000o\000v\000e\000r\000e\000d\000\040\000i\000n\000\040\000t\000h\000i\000s\000\040\000l\000a\000b}{chapter.21}% 131
\BOOKMARK [1][-]{section.21.2}{\376\377\000L\000a\000b\000\040\000d\000i\000r\000e\000c\000t\000o\000r\000i\000e\000s\000\040\000a\000n\000d\000\040\000f\000i\000l\000e\000s}{chapter.21}% 132
\BOOKMARK [1][-]{section.21.3}{\376\377\000B\000a\000s\000i\000c\000s\000\040\000a\000n\000d\000\040\000e\000x\000c\000i\000t\000e\000d\000\040\000s\000t\000a\000t\000e\000\040\000e\000x\000p\000e\000r\000i\000m\000e\000n\000t\000s}{chapter.21}% 133
\BOOKMARK [1][-]{section.21.4}{\376\377\000P\000r\000e\000p\000a\000r\000a\000t\000i\000o\000n\000\040\000f\000o\000r\000\040\000t\000h\000e\000\040\000e\000x\000c\000i\000t\000e\000d\000\040\000s\000t\000a\000t\000e\000\040\000c\000a\000l\000c\000u\000l\000a\000t\000i\000o\000n\000s}{chapter.21}% 134
\BOOKMARK [1][-]{section.21.5}{\376\377\000Q\000u\000a\000s\000i\000p\000a\000r\000t\000i\000c\000l\000e\000\040\000\050\000e\000l\000e\000c\000t\000r\000o\000n\000i\000c\000\051\000\040\000g\000a\000p\000\040\000c\000a\000l\000c\000u\000l\000a\000t\000i\000o\000n\000s}{chapter.21}% 135
\BOOKMARK [1][-]{section.21.6}{\376\377\000O\000p\000t\000i\000c\000a\000l\000\040\000g\000a\000p\000\040\000c\000a\000l\000c\000u\000l\000a\000t\000i\000o\000n\000s}{chapter.21}% 136
\BOOKMARK [0][-]{chapter.22}{\376\377\000A\000d\000d\000i\000t\000i\000o\000n\000a\000l\000\040\000T\000o\000o\000l\000s}{}% 137
\BOOKMARK [1][-]{section.22.1}{\376\377\000I\000n\000i\000t\000i\000a\000l\000i\000z\000a\000t\000i\000o\000n}{chapter.22}% 138
\BOOKMARK [1][-]{section.22.2}{\376\377\000P\000o\000s\000t\000p\000r\000o\000c\000e\000s\000s\000i\000n\000g}{chapter.22}% 139
\BOOKMARK [1][-]{section.22.3}{\376\377\000C\000o\000n\000v\000e\000r\000t\000e\000r\000s}{chapter.22}% 140
\BOOKMARK [1][-]{section.22.4}{\376\377\000O\000b\000t\000a\000i\000n\000i\000n\000g\000\040\000p\000s\000e\000u\000d\000o\000p\000o\000t\000e\000n\000t\000i\000a\000l\000s}{chapter.22}% 141
\BOOKMARK [0][-]{chapter.23}{\376\377\000E\000x\000t\000e\000r\000n\000a\000l\000\040\000T\000o\000o\000l\000s}{}% 142
\BOOKMARK [1][-]{section.23.1}{\376\377\000L\000L\000V\000M\000\040\000S\000a\000n\000i\000t\000i\000z\000e\000r\000\040\000L\000i\000b\000r\000a\000r\000i\000e\000s}{chapter.23}% 143
\BOOKMARK [1][-]{section.23.2}{\376\377\000I\000n\000t\000e\000l\000\040\000V\000T\000u\000n\000e}{chapter.23}% 144
\BOOKMARK [1][-]{section.23.3}{\376\377\000N\000V\000I\000D\000I\000A\000\040\000T\000o\000o\000l\000s\000\040\000E\000x\000t\000e\000n\000s\000i\000o\000n\000s}{chapter.23}% 145
\BOOKMARK [1][-]{section.23.4}{\376\377\000S\000c\000i\000t\000o\000o\000l\000s\000\040\000U\000n\000d\000e\000r\000s\000t\000a\000n\000d}{chapter.23}% 146
\BOOKMARK [0][-]{chapter.24}{\376\377\000C\000o\000n\000t\000r\000i\000b\000u\000t\000i\000n\000g\000\040\000t\000o\000\040\000t\000h\000e\000\040\000M\000a\000n\000u\000a\000l}{}% 147
\BOOKMARK [0][-]{chapter.25}{\376\377\000U\000n\000i\000t\000\040\000T\000e\000s\000t\000i\000n\000g}{}% 148
\BOOKMARK [1][-]{section.25.1}{\376\377\000U\000n\000i\000t\000\040\000t\000e\000s\000t\000i\000n\000g\000\040\000f\000r\000a\000m\000e\000w\000o\000r\000k}{chapter.25}% 149
\BOOKMARK [1][-]{section.25.2}{\376\377\000U\000n\000i\000t\000\040\000t\000e\000s\000t\000\040\000o\000r\000g\000a\000n\000i\000z\000a\000t\000i\000o\000n}{chapter.25}% 150
\BOOKMARK [1][-]{section.25.3}{\376\377\000E\000x\000a\000m\000p\000l\000e}{chapter.25}% 151
\BOOKMARK [1][-]{section.25.4}{\376\377\000A\000d\000d\000i\000n\000g\000\040\000t\000e\000s\000t\000s}{chapter.25}% 152
\BOOKMARK [1][-]{section.25.5}{\376\377\000T\000e\000s\000t\000i\000n\000g\000\040\000w\000i\000t\000h\000\040\000r\000a\000n\000d\000o\000m\000\040\000n\000u\000m\000b\000e\000r\000s}{chapter.25}% 153
\BOOKMARK [0][-]{chapter.26}{\376\377\000Q\000M\000C\000P\000A\000C\000K\000\040\000D\000e\000s\000i\000g\000n\000\040\000a\000n\000d\000\040\000F\000e\000a\000t\000u\000r\000e\000\040\000D\000o\000c\000u\000m\000e\000n\000t\000a\000t\000i\000o\000n}{}% 154
\BOOKMARK [1][-]{section.26.1}{\376\377\000Q\000M\000C\000P\000A\000C\000K\000\040\000d\000e\000s\000i\000g\000n}{chapter.26}% 155
\BOOKMARK [1][-]{section.26.2}{\376\377\000F\000e\000a\000t\000u\000r\000e\000:\000\040\000O\000p\000t\000i\000m\000i\000z\000e\000d\000\040\000l\000o\000n\000g\000-\000r\000a\000n\000g\000e\000\040\000b\000r\000e\000a\000k\000u\000p\000\040\000\050\000E\000w\000a\000l\000d\000\051}{chapter.26}% 156
\BOOKMARK [1][-]{section.26.3}{\376\377\000F\000e\000a\000t\000u\000r\000e\000:\000\040\000O\000p\000t\000i\000m\000i\000z\000e\000d\000\040\000l\000o\000n\000g\000-\000r\000a\000n\000g\000e\000\040\000b\000r\000e\000a\000k\000u\000p\000\040\000\050\000E\000w\000a\000l\000d\000\051\000\040\0002}{chapter.26}% 157
\BOOKMARK [1][-]{section.26.4}{\376\377\000F\000e\000a\000t\000u\000r\000e\000:\000\040\000C\000u\000b\000i\000c\000\040\000s\000p\000l\000i\000n\000e\000\040\000i\000n\000t\000e\000r\000p\000o\000l\000a\000t\000i\000o\000n}{chapter.26}% 158
\BOOKMARK [1][-]{section.26.5}{\376\377\000F\000e\000a\000t\000u\000r\000e\000:\000\040\000B\000-\000s\000p\000l\000i\000n\000e\000\040\000o\000r\000b\000i\000t\000a\000l\000\040\000t\000i\000l\000i\000n\000g\000\040\000\050\000b\000a\000n\000d\000\040\000u\000n\000f\000o\000l\000d\000i\000n\000g\000\051}{chapter.26}% 159
\BOOKMARK [1][-]{section.26.6}{\376\377\000F\000e\000a\000t\000u\000r\000e\000:\000\040\000H\000y\000b\000r\000i\000d\000\040\000o\000r\000b\000i\000t\000a\000l\000\040\000r\000e\000p\000r\000e\000s\000e\000n\000t\000a\000t\000i\000o\000n}{chapter.26}% 160
\BOOKMARK [1][-]{section.26.7}{\376\377\000F\000e\000a\000t\000u\000r\000e\000:\000\040\000E\000l\000e\000c\000t\000r\000o\000n\000-\000e\000l\000e\000c\000t\000r\000o\000n\000-\000i\000o\000n\000\040\000J\000a\000s\000t\000r\000o\000w\000\040\000f\000a\000c\000t\000o\000r}{chapter.26}% 161
\BOOKMARK [1][-]{section.26.8}{\376\377\000F\000e\000a\000t\000u\000r\000e\000:\000\040\000R\000e\000c\000i\000p\000r\000o\000c\000a\000l\000-\000s\000p\000a\000c\000e\000\040\000J\000a\000s\000t\000r\000o\000w\000\040\000f\000a\000c\000t\000o\000r\000s}{chapter.26}% 162
\BOOKMARK [0][-]{chapter.27}{\376\377\000D\000e\000v\000e\000l\000o\000p\000m\000e\000n\000t\000\040\000G\000u\000i\000d\000e}{}% 163
\BOOKMARK [1][-]{section.27.1}{\376\377\000Q\000M\000C\000P\000A\000C\000K\000\040\000c\000o\000d\000i\000n\000g\000\040\000s\000t\000a\000n\000d\000a\000r\000d\000s}{chapter.27}% 164
\BOOKMARK [1][-]{section.27.2}{\376\377\000F\000i\000l\000e\000s}{chapter.27}% 165
\BOOKMARK [1][-]{section.27.3}{\376\377\000N\000a\000m\000i\000n\000g}{chapter.27}% 166
\BOOKMARK [1][-]{section.27.4}{\376\377\000C\000o\000m\000m\000e\000n\000t\000s}{chapter.27}% 167
\BOOKMARK [1][-]{section.27.5}{\376\377\000F\000o\000r\000m\000a\000t\000t\000i\000n\000g\000\040\000a\000n\000d\000\040\040\034\000s\000t\000y\000l\000e\040\035}{chapter.27}% 168
\BOOKMARK [1][-]{section.27.6}{\376\377\000Q\000M\000C\000P\000A\000C\000K\000\040\000C\000+\000+\000\040\000g\000u\000i\000d\000a\000n\000c\000e}{chapter.27}% 169
\BOOKMARK [1][-]{section.27.7}{\376\377\000S\000c\000a\000l\000a\000r\000\040\000e\000s\000t\000i\000m\000a\000t\000o\000r\000\040\000i\000m\000p\000l\000e\000m\000e\000n\000t\000a\000t\000i\000o\000n}{chapter.27}% 170
\BOOKMARK [1][-]{section.27.8}{\376\377\000E\000s\000t\000i\000m\000a\000t\000o\000r\000\040\000o\000u\000t\000p\000u\000t}{chapter.27}% 171
\BOOKMARK [1][-]{section.27.9}{\376\377\000S\000l\000a\000t\000e\000r\000-\000b\000a\000c\000k\000f\000l\000o\000w\000\040\000w\000a\000v\000e\000f\000u\000n\000c\000t\000i\000o\000n\000\040\000i\000m\000p\000l\000e\000m\000e\000n\000t\000a\000t\000i\000o\000n\000\040\000d\000e\000t\000a\000i\000l\000s}{chapter.27}% 172
\BOOKMARK [1][-]{section.27.10}{\376\377\000P\000a\000r\000t\000i\000c\000l\000e\000s\000\040\000a\000n\000d\000\040\000d\000i\000s\000t\000a\000n\000c\000e\000\040\000t\000a\000b\000l\000e\000s}{chapter.27}% 173
\BOOKMARK [1][-]{section.27.11}{\376\377\000A\000d\000d\000i\000n\000g\000\040\000a\000\040\000w\000a\000v\000e\000f\000u\000n\000c\000t\000i\000o\000n}{chapter.27}% 174
\BOOKMARK [1][-]{section.27.12}{\376\377\000L\000i\000n\000e\000a\000r\000\040\000A\000l\000g\000e\000b\000r\000a}{chapter.27}% 175
\BOOKMARK [0][-]{chapter.28}{\376\377\000A\000p\000p\000e\000n\000d\000i\000c\000e\000s}{}% 176
\BOOKMARK [1][-]{section.28.1}{\376\377\000A\000p\000p\000e\000n\000d\000i\000x\000\040\000A\000:\000\040\000D\000e\000r\000i\000v\000a\000t\000i\000o\000n\000\040\000o\000f\000\040\000t\000w\000i\000s\000t\000\040\000a\000v\000e\000r\000a\000g\000i\000n\000g\000\040\000e\000f\000f\000i\000c\000i\000e\000n\000c\000y}{chapter.28}% 177
\BOOKMARK [1][-]{section.28.2}{\376\377\000A\000p\000p\000e\000n\000d\000i\000x\000\040\000B\000:\000\040\000Q\000M\000C\000P\000A\000C\000K\000\040\000p\000a\000p\000e\000r\000s}{chapter.28}% 178
\BOOKMARK [0][-]{chapter*.98}{\376\377\000B\000i\000b\000l\000i\000o\000g\000r\000a\000p\000h\000y}{}% 179
